<?xml version="1.0" encoding="UTF-8"?>
<testsuite name="com.howtodoinjava.demo.SpringBootDemoApplicationTests" time="0.015" tests="1" errors="1" skipped="0" failures="0">
  <properties>
[...]
</properties>
  <testcase name="initializationError" classname="com.howtodoinjava.demo.SpringBootDemoApplicationTests" time="0.015">
    <error message="Unable to find a @SpringBootConfiguration, you need to use @ContextConfiguration or @SpringBootTest(classes=...) with your test" type="java.lang.IllegalStateException"><![CDATA[java.lang.IllegalStateException: Unable to find a @SpringBootConfiguration, you need to use @ContextConfiguration or @SpringBootTest(classes=...) with your test
	at org.springframework.util.Assert.state(Assert.java:392)
	at org.springframework.boot.test.context.SpringBootTestContextBootstrapper.getOrFindConfigurationClasses(SpringBootTestContextBootstrapper.java:156)
	at org.springframework.boot.test.context.SpringBootTestContextBootstrapper.processMergedContextConfiguration(SpringBootTestContextBootstrapper.java:116)
	at org.springframework.test.context.support.AbstractTestContextBootstrapper.buildMergedContextConfiguration(AbstractTestContextBootstrapper.java:409)
	at org.springframework.test.context.support.AbstractTestContextBootstrapper.buildDefaultMergedContextConfiguration(AbstractTestContextBootstrapper.java:323)
	at org.springframework.test.context.support.AbstractTestContextBootstrapper.buildMergedContextConfiguration(AbstractTestContextBootstrapper.java:277)
	at org.springframework.test.context.support.AbstractTestContextBootstrapper.buildTestContext(AbstractTestContextBootstrapper.java:112)
	at org.springframework.boot.test.context.SpringBootTestContextBootstrapper.buildTestContext(SpringBootTestContextBootstrapper.java:74)
	at org.springframework.test.context.TestContextManager.<init>(TestContextManager.java:120)
	at org.springframework.test.context.TestContextManager.<init>(TestContextManager.java:105)
	at org.springframework.test.context.junit4.SpringJUnit4ClassRunner.createTestContextManager(SpringJUnit4ClassRunner.java:152)
	at org.springframework.test.context.junit4.SpringJUnit4ClassRunner.<init>(SpringJUnit4ClassRunner.java:143)
	at org.springframework.test.context.junit4.SpringRunner.<init>(SpringRunner.java:49)
	at sun.reflect.NativeConstructorAccessorImpl.newInstance0(Native Method)
	at sun.reflect.NativeConstructorAccessorImpl.newInstance(NativeConstructorAccessorImpl.java:62)
	at sun.reflect.DelegatingConstructorAccessorImpl.newInstance(DelegatingConstructorAccessorImpl.java:45)
	at java.lang.reflect.Constructor.newInstance(Constructor.java:423)
	at org.junit.internal.builders.AnnotatedBuilder.buildRunner(AnnotatedBuilder.java:104)
	at org.junit.internal.builders.AnnotatedBuilder.runnerForClass(AnnotatedBuilder.java:86)
	at org.junit.runners.model.RunnerBuilder.safeRunnerForClass(RunnerBuilder.java:59)
	at org.junit.internal.builders.AllDefaultPossibilitiesBuilder.runnerForClass(AllDefaultPossibilitiesBuilder.java:26)
	at org.junit.runners.model.RunnerBuilder.safeRunnerForClass(RunnerBuilder.java:59)
	at org.junit.internal.requests.ClassRequest.getRunner(ClassRequest.java:33)
	at org.apache.maven.surefire.junit4.JUnit4Provider.execute(JUnit4Provider.java:283)
	at org.apache.maven.surefire.junit4.JUnit4Provider.executeWithRerun(JUnit4Provider.java:173)
	at org.apache.maven.surefire.junit4.JUnit4Provider.executeTestSet(JUnit4Provider.java:153)
	at org.apache.maven.surefire.junit4.JUnit4Provider.invoke(JUnit4Provider.java:128)
	at org.apache.maven.surefire.booter.ForkedBooter.invokeProviderInSameClassLoader(ForkedBooter.java:203)
	at org.apache.maven.surefire.booter.ForkedBooter.runSuitesInProcess(ForkedBooter.java:155)
	at org.apache.maven.surefire.booter.ForkedBooter.main(ForkedBooter.java:103)
]]></error>
    <system-out><![CDATA[11:03:22.954 [main] DEBUG org.springframework.test.context.junit4.SpringJUnit4ClassRunner - SpringJUnit4ClassRunner constructor called with [class com.howtodoinjava.demo.SpringBootDemoApplicationTests]
11:03:22.964 [main] DEBUG org.springframework.test.context.BootstrapUtils - Instantiating CacheAwareContextLoaderDelegate from class [org.springframework.test.context.cache.DefaultCacheAwareContextLoaderDelegate]
11:03:22.986 [main] DEBUG org.springframework.test.context.BootstrapUtils - Instantiating BootstrapContext using constructor [public org.springframework.test.context.support.DefaultBootstrapContext(java.lang.Class,org.springframework.test.context.CacheAwareContextLoaderDelegate)]
11:03:23.009 [main] DEBUG org.springframework.test.context.BootstrapUtils - Instantiating TestContextBootstrapper for test class [com.howtodoinjava.demo.SpringBootDemoApplicationTests] from class [org.springframework.boot.test.context.SpringBootTestContextBootstrapper]
11:03:23.022 [main] INFO org.springframework.boot.test.context.SpringBootTestContextBootstrapper - Neither @ContextConfiguration nor @ContextHierarchy found for test class [com.howtodoinjava.demo.SpringBootDemoApplicationTests], using SpringBootContextLoader
11:03:23.027 [main] DEBUG org.springframework.test.context.support.AbstractContextLoader - Did not detect default resource location for test class [com.howtodoinjava.demo.SpringBootDemoApplicationTests]: class path resource [com/howtodoinjava/demo/SpringBootDemoApplicationTests-context.xml] does not exist
11:03:23.028 [main] DEBUG org.springframework.test.context.support.AbstractContextLoader - Did not detect default resource location for test class [com.howtodoinjava.demo.SpringBootDemoApplicationTests]: class path resource [com/howtodoinjava/demo/SpringBootDemoApplicationTestsContext.groovy] does not exist
11:03:23.028 [main] INFO org.springframework.test.context.support.AbstractContextLoader - Could not detect default resource locations for test class [com.howtodoinjava.demo.SpringBootDemoApplicationTests]: no resource found for suffixes {-context.xml, Context.groovy}.
11:03:23.030 [main] INFO org.springframework.test.context.support.AnnotationConfigContextLoaderUtils - Could not detect default configuration classes for test class [com.howtodoinjava.demo.SpringBootDemoApplicationTests]: SpringBootDemoApplicationTests does not declare any static, non-private, non-final, nested classes annotated with @Configuration.
11:03:23.138 [main] DEBUG org.springframework.test.context.support.ActiveProfilesUtils - Could not find an 'annotation declaring class' for annotation type [org.springframework.test.context.ActiveProfiles] and class [com.howtodoinjava.demo.SpringBootDemoApplicationTests]
11:03:23.211 [main] DEBUG org.springframework.core.env.StandardEnvironment - Adding [systemProperties] PropertySource with lowest search precedence
11:03:23.212 [main] DEBUG org.springframework.core.env.StandardEnvironment - Adding [systemEnvironment] PropertySource with lowest search precedence
11:03:23.213 [main] DEBUG org.springframework.core.env.StandardEnvironment - Initialized StandardEnvironment with PropertySources [systemProperties,systemEnvironment]
11:03:23.223 [main] DEBUG org.springframework.core.io.support.PathMatchingResourcePatternResolver - Resolved classpath location [com/howtodoinjava/demo/] to resources [URL [file:/home/ankushvashishth/Downloads/springbootdemo-hello-world-rest/springbootdemo/target/test-classes/com/howtodoinjava/demo/]]
11:03:23.223 [main] DEBUG org.springframework.core.io.support.PathMatchingResourcePatternResolver - Looking for matching resources in directory tree [/home/ankushvashishth/Downloads/springbootdemo-hello-world-rest/springbootdemo/target/test-classes/com/howtodoinjava/demo]
11:03:23.224 [main] DEBUG org.springframework.core.io.support.PathMatchingResourcePatternResolver - Searching directory [/home/ankushvashishth/Downloads/springbootdemo-hello-world-rest/springbootdemo/target/test-classes/com/howtodoinjava/demo] for files matching pattern [/home/ankushvashishth/Downloads/springbootdemo-hello-world-rest/springbootdemo/target/test-classes/com/howtodoinjava/demo/*.class]
11:03:23.228 [main] DEBUG org.springframework.core.io.support.PathMatchingResourcePatternResolver - Resolved location pattern [classpath*:com/howtodoinjava/demo/*.class] to resources [file [/home/ankushvashishth/Downloads/springbootdemo-hello-world-rest/springbootdemo/target/test-classes/com/howtodoinjava/demo/SpringBootDemoApplicationTests.class]]
11:03:23.250 [main] DEBUG org.springframework.core.io.support.PathMatchingResourcePatternResolver - Resolved classpath location [com/howtodoinjava/] to resources [URL [file:/home/ankushvashishth/Downloads/springbootdemo-hello-world-rest/springbootdemo/target/test-classes/com/howtodoinjava/]]
11:03:23.250 [main] DEBUG org.springframework.core.io.support.PathMatchingResourcePatternResolver - Looking for matching resources in directory tree [/home/ankushvashishth/Downloads/springbootdemo-hello-world-rest/springbootdemo/target/test-classes/com/howtodoinjava]
11:03:23.250 [main] DEBUG org.springframework.core.io.support.PathMatchingResourcePatternResolver - Searching directory [/home/ankushvashishth/Downloads/springbootdemo-hello-world-rest/springbootdemo/target/test-classes/com/howtodoinjava] for files matching pattern [/home/ankushvashishth/Downloads/springbootdemo-hello-world-rest/springbootdemo/target/test-classes/com/howtodoinjava/*.class]
11:03:23.251 [main] DEBUG org.springframework.core.io.support.PathMatchingResourcePatternResolver - Resolved location pattern [classpath*:com/howtodoinjava/*.class] to resources []
11:03:23.253 [main] DEBUG org.springframework.core.io.support.PathMatchingResourcePatternResolver - Resolved classpath location [com/] to resources [URL [file:/home/ankushvashishth/Downloads/springbootdemo-hello-world-rest/springbootdemo/target/test-classes/com/], URL [file:/home/ankushvashishth/Downloads/springbootdemo-hello-world-rest/springbootdemo/target/classes/com/], URL [jar:file:/home/ankushvashishth/.m2/repository/com/fasterxml/jackson/core/jackson-databind/2.8.1/jackson-databind-2.8.1.jar!/com/], URL [jar:file:/home/ankushvashishth/.m2/repository/org/glassfish/jersey/core/jersey-server/2.23.1/jersey-server-2.23.1.jar!/com/], URL [jar:file:/home/ankushvashishth/.m2/repository/org/glassfish/hk2/hk2-core/2.4.0-b34/hk2-core-2.4.0-b34.jar!/com/], URL [jar:file:/home/ankushvashishth/.m2/repository/com/fasterxml/jackson/jaxrs/jackson-jaxrs-base/2.8.1/jackson-jaxrs-base-2.8.1.jar!/com/], URL [jar:file:/home/ankushvashishth/.m2/repository/com/fasterxml/jackson/jaxrs/jackson-jaxrs-json-provider/2.8.1/jackson-jaxrs-json-provider-2.8.1.jar!/com/], URL [jar:file:/home/ankushvashishth/.m2/repository/com/fasterxml/jackson/module/jackson-module-jaxb-annotations/2.8.1/jackson-module-jaxb-annotations-2.8.1.jar!/com/], URL [jar:file:/home/ankushvashishth/.m2/repository/com/fasterxml/classmate/1.3.1/classmate-1.3.1.jar!/com/], URL [jar:file:/home/ankushvashishth/.m2/repository/com/jayway/jsonpath/json-path/2.2.0/json-path-2.2.0.jar!/com/], URL [jar:file:/home/ankushvashishth/.m2/repository/mysql/mysql-connector-java/5.1.39/mysql-connector-java-5.1.39.jar!/com/], URL [jar:file:/home/ankushvashishth/.m2/repository/com/sun/mail/javax.mail/1.5.5/javax.mail-1.5.5.jar!/com/], URL [jar:file:/home/ankushvashishth/.m2/repository/javax/activation/activation/1.1/activation-1.1.jar!/com/], URL [jar:file:/home/ankushvashishth/.m2/repository/com/twilio/sdk/twilio/7.20.0/twilio-7.20.0.jar!/com/], URL [jar:file:/home/ankushvashishth/.m2/repository/com/google/guava/guava/18.0/guava-18.0.jar!/com/], URL [jar:file:/home/ankushvashishth/.m2/repository/com/fasterxml/jackson/core/jackson-core/2.8.1/jackson-core-2.8.1.jar!/com/], URL [jar:file:/home/ankushvashishth/.m2/repository/com/fasterxml/jackson/core/jackson-annotations/2.8.1/jackson-annotations-2.8.1.jar!/com/]]
11:03:23.254 [main] DEBUG org.springframework.core.io.support.PathMatchingResourcePatternResolver - Looking for matching resources in directory tree [/home/ankushvashishth/Downloads/springbootdemo-hello-world-rest/springbootdemo/target/test-classes/com]
11:03:23.254 [main] DEBUG org.springframework.core.io.support.PathMatchingResourcePatternResolver - Searching directory [/home/ankushvashishth/Downloads/springbootdemo-hello-world-rest/springbootdemo/target/test-classes/com] for files matching pattern [/home/ankushvashishth/Downloads/springbootdemo-hello-world-rest/springbootdemo/target/test-classes/com/*.class]
11:03:23.255 [main] DEBUG org.springframework.core.io.support.PathMatchingResourcePatternResolver - Looking for matching resources in directory tree [/home/ankushvashishth/Downloads/springbootdemo-hello-world-rest/springbootdemo/target/classes/com]
11:03:23.256 [main] DEBUG org.springframework.core.io.support.PathMatchingResourcePatternResolver - Searching directory [/home/ankushvashishth/Downloads/springbootdemo-hello-world-rest/springbootdemo/target/classes/com] for files matching pattern [/home/ankushvashishth/Downloads/springbootdemo-hello-world-rest/springbootdemo/target/classes/com/*.class]
11:03:23.257 [main] DEBUG org.springframework.core.io.support.PathMatchingResourcePatternResolver - Looking for matching resources in jar file [file:/home/ankushvashishth/.m2/repository/com/fasterxml/jackson/core/jackson-databind/2.8.1/jackson-databind-2.8.1.jar]
11:03:23.276 [main] DEBUG org.springframework.core.io.support.PathMatchingResourcePatternResolver - Looking for matching resources in jar file [file:/home/ankushvashishth/.m2/repository/org/glassfish/jersey/core/jersey-server/2.23.1/jersey-server-2.23.1.jar]
11:03:23.280 [main] DEBUG org.springframework.core.io.support.PathMatchingResourcePatternResolver - Looking for matching resources in jar file [file:/home/ankushvashishth/.m2/repository/org/glassfish/hk2/hk2-core/2.4.0-b34/hk2-core-2.4.0-b34.jar]
11:03:23.281 [main] DEBUG org.springframework.core.io.support.PathMatchingResourcePatternResolver - Looking for matching resources in jar file [file:/home/ankushvashishth/.m2/repository/com/fasterxml/jackson/jaxrs/jackson-jaxrs-base/2.8.1/jackson-jaxrs-base-2.8.1.jar]
11:03:23.282 [main] DEBUG org.springframework.core.io.support.PathMatchingResourcePatternResolver - Looking for matching resources in jar file [file:/home/ankushvashishth/.m2/repository/com/fasterxml/jackson/jaxrs/jackson-jaxrs-json-provider/2.8.1/jackson-jaxrs-json-provider-2.8.1.jar]
11:03:23.283 [main] DEBUG org.springframework.core.io.support.PathMatchingResourcePatternResolver - Looking for matching resources in jar file [file:/home/ankushvashishth/.m2/repository/com/fasterxml/jackson/module/jackson-module-jaxb-annotations/2.8.1/jackson-module-jaxb-annotations-2.8.1.jar]
11:03:23.283 [main] DEBUG org.springframework.core.io.support.PathMatchingResourcePatternResolver - Looking for matching resources in jar file [file:/home/ankushvashishth/.m2/repository/com/fasterxml/classmate/1.3.1/classmate-1.3.1.jar]
11:03:23.284 [main] DEBUG org.springframework.core.io.support.PathMatchingResourcePatternResolver - Looking for matching resources in jar file [file:/home/ankushvashishth/.m2/repository/com/jayway/jsonpath/json-path/2.2.0/json-path-2.2.0.jar]
11:03:23.286 [main] DEBUG org.springframework.core.io.support.PathMatchingResourcePatternResolver - Looking for matching resources in jar file [file:/home/ankushvashishth/.m2/repository/mysql/mysql-connector-java/5.1.39/mysql-connector-java-5.1.39.jar]
11:03:23.289 [main] DEBUG org.springframework.core.io.support.PathMatchingResourcePatternResolver - Looking for matching resources in jar file [file:/home/ankushvashishth/.m2/repository/com/sun/mail/javax.mail/1.5.5/javax.mail-1.5.5.jar]
11:03:23.291 [main] DEBUG org.springframework.core.io.support.PathMatchingResourcePatternResolver - Looking for matching resources in jar file [file:/home/ankushvashishth/.m2/repository/javax/activation/activation/1.1/activation-1.1.jar]
11:03:23.292 [main] DEBUG org.springframework.core.io.support.PathMatchingResourcePatternResolver - Looking for matching resources in jar file [file:/home/ankushvashishth/.m2/repository/com/twilio/sdk/twilio/7.20.0/twilio-7.20.0.jar]
11:03:23.300 [main] DEBUG org.springframework.core.io.support.PathMatchingResourcePatternResolver - Looking for matching resources in jar file [file:/home/ankushvashishth/.m2/repository/com/google/guava/guava/18.0/guava-18.0.jar]
11:03:23.310 [main] DEBUG org.springframework.core.io.support.PathMatchingResourcePatternResolver - Looking for matching resources in jar file [file:/home/ankushvashishth/.m2/repository/com/fasterxml/jackson/core/jackson-core/2.8.1/jackson-core-2.8.1.jar]
11:03:23.311 [main] DEBUG org.springframework.core.io.support.PathMatchingResourcePatternResolver - Looking for matching resources in jar file [file:/home/ankushvashishth/.m2/repository/com/fasterxml/jackson/core/jackson-annotations/2.8.1/jackson-annotations-2.8.1.jar]
11:03:23.311 [main] DEBUG org.springframework.core.io.support.PathMatchingResourcePatternResolver - Resolved location pattern [classpath*:com/*.class] to resources []
11:03:23.318 [main] DEBUG org.springframework.test.context.junit4.SpringJUnit4ClassRunner - SpringJUnit4ClassRunner constructor called with [class com.howtodoinjava.demo.SpringBootDemoApplicationTests]
11:03:23.318 [main] DEBUG org.springframework.test.context.BootstrapUtils - Instantiating CacheAwareContextLoaderDelegate from class [org.springframework.test.context.cache.DefaultCacheAwareContextLoaderDelegate]
11:03:23.319 [main] DEBUG org.springframework.test.context.BootstrapUtils - Instantiating BootstrapContext using constructor [public org.springframework.test.context.support.DefaultBootstrapContext(java.lang.Class,org.springframework.test.context.CacheAwareContextLoaderDelegate)]
11:03:23.320 [main] DEBUG org.springframework.test.context.BootstrapUtils - Instantiating TestContextBootstrapper for test class [com.howtodoinjava.demo.SpringBootDemoApplicationTests] from class [org.springframework.boot.test.context.SpringBootTestContextBootstrapper]
11:03:23.321 [main] INFO org.springframework.boot.test.context.SpringBootTestContextBootstrapper - Neither @ContextConfiguration nor @ContextHierarchy found for test class [com.howtodoinjava.demo.SpringBootDemoApplicationTests], using SpringBootContextLoader
11:03:23.322 [main] DEBUG org.springframework.test.context.support.AbstractContextLoader - Did not detect default resource location for test class [com.howtodoinjava.demo.SpringBootDemoApplicationTests]: class path resource [com/howtodoinjava/demo/SpringBootDemoApplicationTests-context.xml] does not exist
11:03:23.323 [main] DEBUG org.springframework.test.context.support.AbstractContextLoader - Did not detect default resource location for test class [com.howtodoinjava.demo.SpringBootDemoApplicationTests]: class path resource [com/howtodoinjava/demo/SpringBootDemoApplicationTestsContext.groovy] does not exist
11:03:23.324 [main] INFO org.springframework.test.context.support.AbstractContextLoader - Could not detect default resource locations for test class [com.howtodoinjava.demo.SpringBootDemoApplicationTests]: no resource found for suffixes {-context.xml, Context.groovy}.
11:03:23.324 [main] INFO org.springframework.test.context.support.AnnotationConfigContextLoaderUtils - Could not detect default configuration classes for test class [com.howtodoinjava.demo.SpringBootDemoApplicationTests]: SpringBootDemoApplicationTests does not declare any static, non-private, non-final, nested classes annotated with @Configuration.
11:03:23.331 [main] DEBUG org.springframework.test.context.support.ActiveProfilesUtils - Could not find an 'annotation declaring class' for annotation type [org.springframework.test.context.ActiveProfiles] and class [com.howtodoinjava.demo.SpringBootDemoApplicationTests]
11:03:23.332 [main] DEBUG org.springframework.core.env.StandardEnvironment - Adding [systemProperties] PropertySource with lowest search precedence
11:03:23.332 [main] DEBUG org.springframework.core.env.StandardEnvironment - Adding [systemEnvironment] PropertySource with lowest search precedence
11:03:23.333 [main] DEBUG org.springframework.core.env.StandardEnvironment - Initialized StandardEnvironment with PropertySources [systemProperties,systemEnvironment]
11:03:23.333 [main] DEBUG org.springframework.core.io.support.PathMatchingResourcePatternResolver - Resolved classpath location [com/howtodoinjava/demo/] to resources [URL [file:/home/ankushvashishth/Downloads/springbootdemo-hello-world-rest/springbootdemo/target/test-classes/com/howtodoinjava/demo/]]
11:03:23.334 [main] DEBUG org.springframework.core.io.support.PathMatchingResourcePatternResolver - Looking for matching resources in directory tree [/home/ankushvashishth/Downloads/springbootdemo-hello-world-rest/springbootdemo/target/test-classes/com/howtodoinjava/demo]
11:03:23.334 [main] DEBUG org.springframework.core.io.support.PathMatchingResourcePatternResolver - Searching directory [/home/ankushvashishth/Downloads/springbootdemo-hello-world-rest/springbootdemo/target/test-classes/com/howtodoinjava/demo] for files matching pattern [/home/ankushvashishth/Downloads/springbootdemo-hello-world-rest/springbootdemo/target/test-classes/com/howtodoinjava/demo/*.class]
11:03:23.335 [main] DEBUG org.springframework.core.io.support.PathMatchingResourcePatternResolver - Resolved location pattern [classpath*:com/howtodoinjava/demo/*.class] to resources [file [/home/ankushvashishth/Downloads/springbootdemo-hello-world-rest/springbootdemo/target/test-classes/com/howtodoinjava/demo/SpringBootDemoApplicationTests.class]]
11:03:23.337 [main] DEBUG org.springframework.core.io.support.PathMatchingResourcePatternResolver - Resolved classpath location [com/howtodoinjava/] to resources [URL [file:/home/ankushvashishth/Downloads/springbootdemo-hello-world-rest/springbootdemo/target/test-classes/com/howtodoinjava/]]
11:03:23.337 [main] DEBUG org.springframework.core.io.support.PathMatchingResourcePatternResolver - Looking for matching resources in directory tree [/home/ankushvashishth/Downloads/springbootdemo-hello-world-rest/springbootdemo/target/test-classes/com/howtodoinjava]
11:03:23.337 [main] DEBUG org.springframework.core.io.support.PathMatchingResourcePatternResolver - Searching directory [/home/ankushvashishth/Downloads/springbootdemo-hello-world-rest/springbootdemo/target/test-classes/com/howtodoinjava] for files matching pattern [/home/ankushvashishth/Downloads/springbootdemo-hello-world-rest/springbootdemo/target/test-classes/com/howtodoinjava/*.class]
11:03:23.338 [main] DEBUG org.springframework.core.io.support.PathMatchingResourcePatternResolver - Resolved location pattern [classpath*:com/howtodoinjava/*.class] to resources []
11:03:23.340 [main] DEBUG org.springframework.core.io.support.PathMatchingResourcePatternResolver - Resolved classpath location [com/] to resources [URL [file:/home/ankushvashishth/Downloads/springbootdemo-hello-world-rest/springbootdemo/target/test-classes/com/], URL [file:/home/ankushvashishth/Downloads/springbootdemo-hello-world-rest/springbootdemo/target/classes/com/], URL [jar:file:/home/ankushvashishth/.m2/repository/com/fasterxml/jackson/core/jackson-databind/2.8.1/jackson-databind-2.8.1.jar!/com/], URL [jar:file:/home/ankushvashishth/.m2/repository/org/glassfish/jersey/core/jersey-server/2.23.1/jersey-server-2.23.1.jar!/com/], URL [jar:file:/home/ankushvashishth/.m2/repository/org/glassfish/hk2/hk2-core/2.4.0-b34/hk2-core-2.4.0-b34.jar!/com/], URL [jar:file:/home/ankushvashishth/.m2/repository/com/fasterxml/jackson/jaxrs/jackson-jaxrs-base/2.8.1/jackson-jaxrs-base-2.8.1.jar!/com/], URL [jar:file:/home/ankushvashishth/.m2/repository/com/fasterxml/jackson/jaxrs/jackson-jaxrs-json-provider/2.8.1/jackson-jaxrs-json-provider-2.8.1.jar!/com/], URL [jar:file:/home/ankushvashishth/.m2/repository/com/fasterxml/jackson/module/jackson-module-jaxb-annotations/2.8.1/jackson-module-jaxb-annotations-2.8.1.jar!/com/], URL [jar:file:/home/ankushvashishth/.m2/repository/com/fasterxml/classmate/1.3.1/classmate-1.3.1.jar!/com/], URL [jar:file:/home/ankushvashishth/.m2/repository/com/jayway/jsonpath/json-path/2.2.0/json-path-2.2.0.jar!/com/], URL [jar:file:/home/ankushvashishth/.m2/repository/mysql/mysql-connector-java/5.1.39/mysql-connector-java-5.1.39.jar!/com/], URL [jar:file:/home/ankushvashishth/.m2/repository/com/sun/mail/javax.mail/1.5.5/javax.mail-1.5.5.jar!/com/], URL [jar:file:/home/ankushvashishth/.m2/repository/javax/activation/activation/1.1/activation-1.1.jar!/com/], URL [jar:file:/home/ankushvashishth/.m2/repository/com/twilio/sdk/twilio/7.20.0/twilio-7.20.0.jar!/com/], URL [jar:file:/home/ankushvashishth/.m2/repository/com/google/guava/guava/18.0/guava-18.0.jar!/com/], URL [jar:file:/home/ankushvashishth/.m2/repository/com/fasterxml/jackson/core/jackson-core/2.8.1/jackson-core-2.8.1.jar!/com/], URL [jar:file:/home/ankushvashishth/.m2/repository/com/fasterxml/jackson/core/jackson-annotations/2.8.1/jackson-annotations-2.8.1.jar!/com/]]
11:03:23.340 [main] DEBUG org.springframework.core.io.support.PathMatchingResourcePatternResolver - Looking for matching resources in directory tree [/home/ankushvashishth/Downloads/springbootdemo-hello-world-rest/springbootdemo/target/test-classes/com]
11:03:23.340 [main] DEBUG org.springframework.core.io.support.PathMatchingResourcePatternResolver - Searching directory [/home/ankushvashishth/Downloads/springbootdemo-hello-world-rest/springbootdemo/target/test-classes/com] for files matching pattern [/home/ankushvashishth/Downloads/springbootdemo-hello-world-rest/springbootdemo/target/test-classes/com/*.class]
11:03:23.341 [main] DEBUG org.springframework.core.io.support.PathMatchingResourcePatternResolver - Looking for matching resources in directory tree [/home/ankushvashishth/Downloads/springbootdemo-hello-world-rest/springbootdemo/target/classes/com]
11:03:23.341 [main] DEBUG org.springframework.core.io.support.PathMatchingResourcePatternResolver - Searching directory [/home/ankushvashishth/Downloads/springbootdemo-hello-world-rest/springbootdemo/target/classes/com] for files matching pattern [/home/ankushvashishth/Downloads/springbootdemo-hello-world-rest/springbootdemo/target/classes/com/*.class]
11:03:23.341 [main] DEBUG org.springframework.core.io.support.PathMatchingResourcePatternResolver - Looking for matching resources in jar file [file:/home/ankushvashishth/.m2/repository/com/fasterxml/jackson/core/jackson-databind/2.8.1/jackson-databind-2.8.1.jar]
11:03:23.345 [main] DEBUG org.springframework.core.io.support.PathMatchingResourcePatternResolver - Looking for matching resources in jar file [file:/home/ankushvashishth/.m2/repository/org/glassfish/jersey/core/jersey-server/2.23.1/jersey-server-2.23.1.jar]
11:03:23.347 [main] DEBUG org.springframework.core.io.support.PathMatchingResourcePatternResolver - Looking for matching resources in jar file [file:/home/ankushvashishth/.m2/repository/org/glassfish/hk2/hk2-core/2.4.0-b34/hk2-core-2.4.0-b34.jar]
11:03:23.348 [main] DEBUG org.springframework.core.io.support.PathMatchingResourcePatternResolver - Looking for matching resources in jar file [file:/home/ankushvashishth/.m2/repository/com/fasterxml/jackson/jaxrs/jackson-jaxrs-base/2.8.1/jackson-jaxrs-base-2.8.1.jar]
11:03:23.349 [main] DEBUG org.springframework.core.io.support.PathMatchingResourcePatternResolver - Looking for matching resources in jar file [file:/home/ankushvashishth/.m2/repository/com/fasterxml/jackson/jaxrs/jackson-jaxrs-json-provider/2.8.1/jackson-jaxrs-json-provider-2.8.1.jar]
11:03:23.349 [main] DEBUG org.springframework.core.io.support.PathMatchingResourcePatternResolver - Looking for matching resources in jar file [file:/home/ankushvashishth/.m2/repository/com/fasterxml/jackson/module/jackson-module-jaxb-annotations/2.8.1/jackson-module-jaxb-annotations-2.8.1.jar]
11:03:23.349 [main] DEBUG org.springframework.core.io.support.PathMatchingResourcePatternResolver - Looking for matching resources in jar file [file:/home/ankushvashishth/.m2/repository/com/fasterxml/classmate/1.3.1/classmate-1.3.1.jar]
11:03:23.350 [main] DEBUG org.springframework.core.io.support.PathMatchingResourcePatternResolver - Looking for matching resources in jar file [file:/home/ankushvashishth/.m2/repository/com/jayway/jsonpath/json-path/2.2.0/json-path-2.2.0.jar]
11:03:23.351 [main] DEBUG org.springframework.core.io.support.PathMatchingResourcePatternResolver - Looking for matching resources in jar file [file:/home/ankushvashishth/.m2/repository/mysql/mysql-connector-java/5.1.39/mysql-connector-java-5.1.39.jar]
11:03:23.354 [main] DEBUG org.springframework.core.io.support.PathMatchingResourcePatternResolver - Looking for matching resources in jar file [file:/home/ankushvashishth/.m2/repository/com/sun/mail/javax.mail/1.5.5/javax.mail-1.5.5.jar]
11:03:23.356 [main] DEBUG org.springframework.core.io.support.PathMatchingResourcePatternResolver - Looking for matching resources in jar file [file:/home/ankushvashishth/.m2/repository/javax/activation/activation/1.1/activation-1.1.jar]
11:03:23.356 [main] DEBUG org.springframework.core.io.support.PathMatchingResourcePatternResolver - Looking for matching resources in jar file [file:/home/ankushvashishth/.m2/repository/com/twilio/sdk/twilio/7.20.0/twilio-7.20.0.jar]
11:03:23.367 [main] DEBUG org.springframework.core.io.support.PathMatchingResourcePatternResolver - Looking for matching resources in jar file [file:/home/ankushvashishth/.m2/repository/com/google/guava/guava/18.0/guava-18.0.jar]
11:03:23.378 [main] DEBUG org.springframework.core.io.support.PathMatchingResourcePatternResolver - Looking for matching resources in jar file [file:/home/ankushvashishth/.m2/repository/com/fasterxml/jackson/core/jackson-core/2.8.1/jackson-core-2.8.1.jar]
11:03:23.379 [main] DEBUG org.springframework.core.io.support.PathMatchingResourcePatternResolver - Looking for matching resources in jar file [file:/home/ankushvashishth/.m2/repository/com/fasterxml/jackson/core/jackson-annotations/2.8.1/jackson-annotations-2.8.1.jar]
11:03:23.380 [main] DEBUG org.springframework.core.io.support.PathMatchingResourcePatternResolver - Resolved location pattern [classpath*:com/*.class] to resources []
]]></system-out>
  </testcase>
</testsuite>